runid 9
/home/judge/hustoj_core/run9/Main.cc
run judgeexec: "judge_client": executable file not found in $PATH 判题程序执行成功
%+v &{0 0 0     0}
runid 0
/home/judge/hustoj_core/run0/Main.cc
run judgeexec: "judge_client": executable file not found in $PATH 判题程序执行成功
%+v &{0 0 0     0}
runid 1
/home/judge/hustoj_core/run1/Main.cc
run judgeexec: "judge_client": executable file not found in $PATH 判题程序执行成功
%+v &{0 0 0     0}
runid 9
/home/judge/hustoj_core/run9/Main.cc
run judge<nil> 判题程序执行成功
%+v &{0 0 0   hellohellohellohellohellohellohellohellohello  0}
runid 0
/home/judge/hustoj_core/run0/Main.cc
run judge<nil> 判题程序执行成功
%+v &{11 0 0 Main.cc: In function 'int main()':
Main.cc:4:16: error: no match for 'operator<<' (operand types are 'std::basic_ostream<char>' and '<unresolved overloaded function type>')
   cout<<"hello"<<end;
   ~~~~~~~~~~~~~^~~~~
In file included from /usr/include/c++/7/iostream:39:0,
                 from Main.cc:1:
/usr/include/c++/7/ostream:108:7: note: candidate: std::basic_ostream<_CharT, _Traits>::__ostream_type& std::basic_ostream<_CharT, _Traits>::operator<<(std::basic_ostream<_CharT, _Traits>::__ostream_type& (*)(std::basic_ostream<_CharT, _Traits>::__ostream_type&)) [with _CharT = char; _Traits = std::char_traits<char>; std::basic_ostream<_CharT, _Traits>::__ostream_type = std::basic_ostream<char>]
       operator<<(__ostream_type& (*__pf)(__ostream_type&))
       ^~~~~~~~
/usr/include/c++/7/ostream:108:7: note:   no known conversion for argument 1 from '<unresolved overloaded function type>' to 'std::basic_ostream<char>::__ostream_type& (*)(std::basic_ostream<char>::__ostream_type&) {aka std::basic_ostream<char>& (*)(std::basic_ostream<char>&)}'
/usr/include/c++/7/ostream:117:7: note: candidate: std::basic_ostream<_CharT, _Traits>::__ostream_type& std::basic_ostream<_CharT, _Traits>::operator<<(std::basic_ostream<_CharT, _Traits>::__ios_type& (*)(std::basic_ostream<_CharT, _Traits>::__ios_type&)) [with _CharT = char; _Traits = std::char_traits<char>; std::basic_ostream<_CharT, _Traits>::__ostream_type = std::basic_ostream<char>; std::basic_ostream<_CharT, _Traits>::__ios_type = std::basic_ios<char>]
       operator<<(__ios_type& (*__pf)(__ios_type&))
       ^~~~~~~~
/usr/include/c++/7/ostream:117:7: note:   no known conversion for argument 1 from '<unresolved overloaded function type>' to 'std::basic_ostream<char>::__ios_type& (*)(std::basic_ostream<char>::__ios_type&) {aka std::basic_ios<char>& (*)(std::basic_ios<char>&)}'
/usr/include/c++/7/ostream:127:7: note: candidate: std::basic_ostream<_CharT, _Traits>::__ostream_type& std::basic_ostream<_CharT, _Traits>::operator<<(std::ios_base& (*)(std::ios_base&)) [with _CharT = char; _Traits = std::char_traits<char>; std::basic_ostream<_CharT, _Traits>::__ostream_type = std::basic_ostream<char>]
       operator<<(ios_base& (*__pf) (ios_base&))
       ^~~~~~~~
/usr/include/c++/7/ostream:127:7: note:   no known conversion for argument 1 from '<unresolved overloaded function type>' to 'std::ios_base& (*)(std::ios_base&)'
/usr/include/c++/7/ostream:166:7: note: candidate: std::basic_ostream<_CharT, _Traits>::__ostream_type& std::basic_ostream<_CharT, _Traits>::operator<<(long int) [with _CharT = char; _Traits = std::char_traits<char>; std::basic_ostream<_CharT, _Traits>::__ostream_type = std::basic_ostream<char>]
       operator<<(long __n)
       ^~~~~~~~
/usr/include/c++/7/ostream:166:7: note:   no known conversion for argument 1 from '<unresolved overloaded function type>' to 'long int'
/usr/include/c++/7/ostream:170:7: note: candidate: std::basic_ostream<_CharT, _Traits>::__ostream_type& std::basic_ostream<_CharT, _Traits>::operator<<(long unsigned int) [with _CharT = char; _Traits = std::char_traits<char>; std::basic_ostream<_CharT, _Traits>::__ostream_type = std::basic_ostream<char>]
       operator<<(unsigned long __n)
       ^~~~~~~~
/usr/include/c++/7/ostream:170:7: note:   no known conversion for argument 1 from '<unresolved overloaded function type>' to 'long unsigned int'
/usr/include/c++/7/ostream:174:7: note: candidate: std::basic_ostream<_CharT, _Traits>::__ostream_type& std::basic_ostream<_CharT, _Traits>::operator<<(bool) [with _CharT = char; _Traits = std::char_traits<char>; std::basic_ostream<_CharT, _Traits>::__ostream_type = std::basic_ostream<char>]
       operator<<(bool __n)
       ^~~~~~~~
/usr/include/c++/7/ostream:174:7: note:   no known conversion for argument 1 from '<unresolved overloaded function type>' to 'bool'
In file included from /usr/include/c++/7/ostream:693:0,
                 from /usr/include/c++/7/iostream:39,
                 from Main.cc:1:
/usr/include/c++/7/bits/ostream.tcc:91:5: note: candidate: std::basic_ostream<_CharT, _Traits>& std::basic_ostream<_CharT, _Traits>::operator<<(short int) [with _CharT = char; _Traits = std::char_traits<char>]
     basic_ostream<_CharT, _Traits>::
     ^~~~~~~~~~~~~~~~~~~~~~~~~~~~~~
/usr/include/c++/7/bits/ostream.tcc:91:5: note:   no known conversion for argument 1 from '<unresolved overloaded function type>' to 'short int'
In file included from /usr/include/c++/7/iostream:39:0,
                 from Main.cc:1:
/usr/include/c++/7/ostream:181:7: note: candidate: std::basic_ostream<_CharT, _Traits>::__ostream_type& std::basic_ostream<_CharT, _Traits>::operator<<(short unsigned int) [with _CharT = char; _Traits = std::char_traits<char>; std::basic_ostream<_CharT, _Traits>::__ostream_type = std::basic_ostream<char>]
       operator<<(unsigned short __n)
       ^~~~~~~~
/usr/include/c++/7/ostream:181:7: note:   no known conversion for argument 1 from '<unresolved overloaded function type>' to 'short unsigned int'
In file included from /usr/include/c++/7/ostream:693:0,
                 from /usr/include/c++/7/iostream:39,
                 from Main.cc:1:
/usr/include/c++/7/bits/ostream.tcc:105:5: note: candidate: std::basic_ostream<_CharT, _Traits>& std::basic_ostream<_CharT, _Traits>::operator<<(int) [with _CharT = char; _Traits = std::char_traits<char>]
     basic_ostream<_CharT, _Traits>::
     ^~~~~~~~~~~~~~~~~~~~~~~~~~~~~~
/usr/include/c++/7/bits/ostream.tcc:105:5: note:   no known conversion for argument 1 from '<unresolved overloaded function type>' to 'int'
In file included from /usr/include/c++/7/iostream:39:0,
                 from Main.cc:1:
/usr/include/c++/7/ostream:192:7: note: candidate: std::basic_ostream<_CharT, _Traits>::__ostream_type& std::basic_ostream<_CharT, _Traits>::operator<<(unsigned int) [with _CharT = char; _Traits = std::char_traits<char>; std::basic_ostream<_CharT, _Traits>::__ostream_type = std::basic_ostream<char>]
       operator<<(unsigned int __n)
       ^~~~~~~~
/usr/include/c++/7/ostream:192:7: note:   no known conversion for argument 1 from '<unresolved overloaded function type>' to 'unsigned int'
/usr/include/c++/7/ostream:201:7: note: candidate: std::basic_ostream<_CharT, _Traits>::__ostream_type& std::basic_ostream<_CharT, _Traits>::operator<<(long long int) [with _CharT = char; _Traits = std::char_traits<char>; std::basic_ostream<_CharT, _Traits>::__ostream_type = std::basic_ostream<char>]
       operator<<(long long __n)
       ^~~~~~~~
/usr/include/c++/7/ostream:201:7: note:   no known conversion for argument 1 from '<unresolved overloaded function type>' to 'long long int'
/usr/include/c++/7/ostream:205:7: note: candidate: std::basic_ostream<_CharT, _Traits>::__ostream_type& std::basic_ostream<_CharT, _Traits>::operator<<(long long unsigned int) [with _CharT = char; _Traits = std::char_traits<char>; std::basic_ostream<_CharT, _Traits>::__ostream_type = std::basic_ostream<char>]
       operator<<(unsigned long long __n)
       ^~~~~~~~
/usr/include/c++/7/ostream:205:7: note:   no known conversion for argument 1 from '<unresolved overloaded function type>' to 'long long unsigned int'
/usr/include/c++/7/ostream:220:7: note: candidate: std::basic_ostream<_CharT, _Traits>::__ostream_type& std::basic_ostream<_CharT, _Traits>::operator<<(double) [with _CharT = char; _Traits = std::char_traits<char>; std::basic_ostream<_CharT, _Traits>::__ostream_type = std::basic_ostream<char>]
       operator<<(double __f)
       ^~~~~~~~
/usr/include/c++/7/ostream:220:7: note:   no known conversion for argument 1 from '<unresolved overloaded function type>' to 'double'
/usr/include/c++/7/ostream:224:7: note: candidate: std::basic_ostream<_CharT, _Traits>::__ostream_type& std::basic_ostream<_CharT, _Traits>::operator<<(float) [with _CharT = char; _Traits = std::char_traits<char>; std::basic_ostream<_CharT, _Traits>::__ostream_type = std::basic_ostream<char>]
       operator<<(float __f)
       ^~~~~~~~
/usr/include/c++/7/ostream:224:7: note:   no known conversion for argument 1 from '<unresolved overloaded function type>' to 'float'
/usr/include/c++/7/ostream:232:7: note: candidate: std::basic_ostream<_CharT, _Traits>::__ostream_type& std::basic_ostream<_CharT, _Traits>::operator<<(long double) [with _CharT = char; _Traits = std::char_traits<char>; std::basic_ostream<_CharT, _Traits>::__ostream_type = std::basic_ostream<char>]
       operator<<(long double __f)
       ^~~~~~~~
/usr/include/c++/7/ostream:232:7: note:   no known conversion for argument 1 from '<unresolved overloaded function type>' to 'long double'
/usr/include/c++/7/ostream:245:7: note: candidate: std::basic_ostream<_CharT, _Traits>::__ostream_type& std::basic_ostream<_CharT, _Traits>::operator<<(const void*) [with _CharT = char; _Traits = std::char_traits<char>; std::basic_ostream<_CharT, _Traits>::__ostream_type = std::basic_ostream<char>]
       operator<<(const void* __p)
       ^~~~~~~~
/usr/include/c++/7/ostream:245:7: note:   no known conversion for argument 1 from '<unresolved overloaded function type>' to 'const void*'
In file included from /usr/include/c++/7/ostream:693:0,
                 from /usr/include/c++/7/iostream:39,
                 from Main.cc:1:
/usr/include/c++/7/bits/ostream.tcc:119:5: note: candidate: std::basic_ostream<_CharT, _Traits>& std::basic_ostream<_CharT, _Traits>::operator<<(std::basic_ostream<_CharT, _Traits>::__streambuf_type*) [with _CharT = char; _Traits = std::char_traits<char>; std::basic_ostream<_CharT, _Traits>::__streambuf_type = std::basic_streambuf<char>]
     basic_ostream<_CharT, _Traits>::
     ^~~~~~~~~~~~~~~~~~~~~~~~~~~~~~
/usr/include/c++/7/bits/ostream.tcc:119:5: note:   no known conversion for argument 1 from '<unresolved overloaded function type>' to 'std::basic_ostream<char>::__streambuf_type* {aka std::basic_streambuf<char>*}'
In file included from /usr/include/c++/7/bits/basic_string.h:48:0,
                 from /usr/include/c++/7/string:52,
                 from /usr/include/c++/7/bits/locale_classes.h:40,
                 from /usr/include/c++/7/bits/ios_base.h:41,
                 from /usr/include/c++/7/ios:42,
                 from /usr/include/c++/7/ostream:38,
                 from /usr/include/c++/7/iostream:39,
                 from Main.cc:1:
/usr/include/c++/7/string_view:559:5: note: candidate: std::basic_ostream<_CharT, _Traits>& std::operator<<(std::basic_ostream<_CharT, _Traits>&, std::basic_string_view<_CharT, _Traits>) [with _CharT = char; _Traits = std::char_traits<char>]
     operator<<(basic_ostream<_CharT, _Traits>& __os,
     ^~~~~~~~
/usr/include/c++/7/string_view:559:5: note:   no known conversion for argument 2 from '<unresolved overloaded function type>' to 'std::basic_string_view<char>'
In file included from /usr/include/c++/7/string:52:0,
                 from /usr/include/c++/7/bits/locale_classes.h:40,
                 from /usr/include/c++/7/bits/ios_base.h:41,
                 from /usr/include/c++/7/ios:42,
                 from /usr/include/c++/7/ostream:38,
                 from /usr/include/c++/7/iostream:39,
                 from Main.cc:1:
/usr/include/c++/7/bits/basic_string.h:6284:5: note: candidate: template<class _CharT, class _Traits, class _Alloc> std::basic_ostream<_CharT, _Traits>& std::operator<<(std::basic_ostream<_CharT, _Traits>&, const std::__cxx11::basic_string<_CharT, _Traits, _Alloc>&)
     operator<<(basic_ostream<_CharT, _Traits>& __os,
     ^~~~~~~~
/usr/include/c++/7/bits/basic_string.h:6284:5: note:   template argument deduction/substitution failed:
Main.cc:4:18: note:   couldn't deduce template parameter '_Alloc'
   cout<<"hello"<<end;
                  ^~~
In file included from /usr/include/c++/7/bits/ios_base.h:46:0,
                 from /usr/include/c++/7/ios:42,
                 from /usr/include/c++/7/ostream:38,
                 from /usr/include/c++/7/iostream:39,
                 from Main.cc:1:
/usr/include/c++/7/system_error:217:5: note: candidate: template<class _CharT, class _Traits> std::basic_ostream<_CharT, _Traits>& std::operator<<(std::basic_ostream<_CharT, _Traits>&, const std::error_code&)
     operator<<(basic_ostream<_CharT, _Traits>& __os, const error_code& __e)
     ^~~~~~~~
/usr/include/c++/7/system_error:217:5: note:   template argument deduction/substitution failed:
Main.cc:4:18: note:   cannot convert 'std::end' (type '<unresolved overloaded function type>') to type 'const std::error_code&'
   cout<<"hello"<<end;
                  ^~~
In file included from /usr/include/c++/7/iostream:39:0,
                 from Main.cc:1:
/usr/include/c++/7/ostream:497:5: note: candidate: std::basic_ostream<_CharT, _Traits>& std::operator<<(std::basic_ostream<_CharT, _Traits>&, _CharT) [with _CharT = char; _Traits = std::char_traits<char>]
     operator<<(basic_ostream<_CharT, _Traits>& __out, _CharT __c)
     ^~~~~~~~
/usr/include/c++/7/ostream:497:5: note:   no known conversion for argument 2 from '<unresolved overloaded function type>' to 'char'
/usr/include/c++/7/ostream:502:5: note: candidate: template<class _CharT, class _Traits> std::basic_ostream<_CharT, _Traits>& std::operator<<(std::basic_ostream<_CharT, _Traits>&, char)
     operator<<(basic_ostream<_CharT, _Traits>& __out, char __c)
     ^~~~~~~~
/usr/include/c++/7/ostream:502:5: note:   template argument deduction/substitution failed:
Main.cc:4:18: note:   cannot convert 'std::end' (type '<unresolved overloaded function type>') to type 'char'
   cout<<"hello"<<end;
                  ^~~
In file included from /usr/include/c++/7/iostream:39:0,
                 from Main.cc:1:
/usr/include/c++/7/ostream:508:5: note: candidate: template<class _Traits> std::basic_ostream<char, _Traits>& std::operator<<(std::basic_ostream<char, _Traits>&, char)
     operator<<(basic_ostream<char, _Traits>& __out, char __c)
     ^~~~~~~~
/usr/include/c++/7/ostream:508:5: note:   template argument deduction/substitution failed:
Main.cc:4:18: note:   cannot convert 'std::end' (type '<unresolved overloaded function type>') to type 'char'
   cout<<"hello"<<end;
                  ^~~
In file included from /usr/include/c++/7/iostream:39:0,
                 from Main.cc:1:
/usr/include/c++/7/ostream:514:5: note: candidate: template<class _Traits> std::basic_ostream<char, _Traits>& std::operator<<(std::basic_ostream<char, _Traits>&, signed char)
     operator<<(basic_ostream<char, _Traits>& __out, signed char __c)
     ^~~~~~~~
/usr/include/c++/7/ostream:514:5: note:   template argument deduction/substitution failed:
Main.cc:4:18: note:   cannot convert 'std::end' (type '<unresolved overloaded function type>') to type 'signed char'
   cout<<"hello"<<end;
                  ^~~
In file included from /usr/include/c++/7/iostream:39:0,
                 from Main.cc:1:
/usr/include/c++/7/ostream:519:5: note: candidate: template<class _Traits> std::basic_ostream<char, _Traits>& std::operator<<(std::basic_ostream<char, _Traits>&, unsigned char)
     operator<<(basic_ostream<char, _Traits>& __out, unsigned char __c)
     ^~~~~~~~
/usr/include/c++/7/ostream:519:5: note:   template argument deduction/substitution failed:
Main.cc:4:18: note:   cannot convert 'std::end' (type '<unresolved overloaded function type>') to type 'unsigned char'
   cout<<"hello"<<end;
                  ^~~
In file included from /usr/include/c++/7/iostream:39:0,
                 from Main.cc:1:
/usr/include/c++/7/ostream:539:5: note: candidate: std::basic_ostream<_CharT, _Traits>& std::operator<<(std::basic_ostream<_CharT, _Traits>&, const _CharT*) [with _CharT = char; _Traits = std::char_traits<char>]
     operator<<(basic_ostream<_CharT, _Traits>& __out, const _CharT* __s)
     ^~~~~~~~
/usr/include/c++/7/ostream:539:5: note:   no known conversion for argument 2 from '<unresolved overloaded function type>' to 'const char*'
In file included from /usr/include/c++/7/ostream:693:0,
                 from /usr/include/c++/7/iostream:39,
                 from Main.cc:1:
/usr/include/c++/7/bits/ostream.tcc:321:5: note: candidate: template<class _CharT, class _Traits> std::basic_ostream<_CharT, _Traits>& std::operator<<(std::basic_ostream<_CharT, _Traits>&, const char*)
     operator<<(basic_ostream<_CharT, _Traits>& __out, const char* __s)
     ^~~~~~~~
/usr/include/c++/7/bits/ostream.tcc:321:5: note:   template argument deduction/substitution failed:
Main.cc:4:18: note:   cannot convert 'std::end' (type '<unresolved overloaded function type>') to type 'const char*'
   cout<<"hello"<<end;
                  ^~~
In file included from /usr/include/c++/7/iostream:39:0,
                 from Main.cc:1:
/usr/include/c++/7/ostream:556:5: note: candidate: template<class _Traits> std::basic_ostream<char, _Traits>& std::operator<<(std::basic_ostream<char, _Traits>&, const char*)
     operator<<(basic_ostream<char, _Traits>& __out, const char* __s)
     ^~~~~~~~
/usr/include/c++/7/ostream:556:5: note:   template argument deduction/substitution failed:
Main.cc:4:18: note:   cannot convert 'std::end' (type '<unresolved overloaded function type>') to type 'const char*'
   cout<<"hello"<<end;
                  ^~~
In file included from /usr/include/c++/7/iostream:39:0,
                 from Main.cc:1:
/usr/include/c++/7/ostream:569:5: note: candidate: template<class _Traits> std::basic_ostream<char, _Traits>& std::operator<<(std::basic_ostream<char, _Traits>&, const signed char*)
     operator<<(basic_ostream<char, _Traits>& __out, const signed char* __s)
     ^~~~~~~~
/usr/include/c++/7/ostream:569:5: note:   template argument deduction/substitution failed:
Main.cc:4:18: note:   cannot convert 'std::end' (type '<unresolved overloaded function type>') to type 'const signed char*'
   cout<<"hello"<<end;
                  ^~~
In file included from /usr/include/c++/7/iostream:39:0,
                 from Main.cc:1:
/usr/include/c++/7/ostream:574:5: note: candidate: template<class _Traits> std::basic_ostream<char, _Traits>& std::operator<<(std::basic_ostream<char, _Traits>&, const unsigned char*)
     operator<<(basic_ostream<char, _Traits>& __out, const unsigned char* __s)
     ^~~~~~~~
/usr/include/c++/7/ostream:574:5: note:   template argument deduction/substitution failed:
Main.cc:4:18: note:   cannot convert 'std::end' (type '<unresolved overloaded function type>') to type 'const unsigned char*'
   cout<<"hello"<<end;
                  ^~~
In file included from /usr/include/c++/7/iostream:39:0,
                 from Main.cc:1:
/usr/include/c++/7/ostream:682:5: note: candidate: template<class _Ostream, class _Tp> typename std::enable_if<std::__and_<std::__not_<std::is_lvalue_reference<_Tp> >, std::__is_convertible_to_basic_ostream<_Ostream>, std::__is_insertable<typename std::__is_convertible_to_basic_ostream<_Tp>::__ostream_type, const _Tp&, void> >::value, typename std::__is_convertible_to_basic_ostream<_Tp>::__ostream_type>::type std::operator<<(_Ostream&&, const _Tp&)
     operator<<(_Ostream&& __os, const _Tp& __x)
     ^~~~~~~~
/usr/include/c++/7/ostream:682:5: note:   template argument deduction/substitution failed:
Main.cc:4:18: note:   couldn't deduce template parameter '_Tp'
   cout<<"hello"<<end;
                  ^~~
    0}
runid 1
/home/judge/hustoj_core/run1/Main.cc
run judge<nil> 判题程序执行成功
%+v &{0 0 0   hello
hellohellohellohellohellohellohellohello  0}
runid 9
/home/judge/hustoj_core/run9/Main.cc
run judge<nil> 判题程序执行成功
%+v &{0 0 0   hellohellohellohellohellohellohellohellohello  0}
runid 9
/home/judge/hustoj_core/run9/Main.cc
run judge<nil> 判题程序执行成功
%+v &{0 0 0   hellohellohellohellohellohellohellohellohello  0}
runid 0
/home/judge/hustoj_core/run0/Main.cc
run judge<nil> 判题程序执行成功
%+v &{0 0 0   hellohellohellohellohellohellohellohellohello  0}
runid 1
/home/judge/hustoj_core/run1/Main.cc
run judge<nil> 判题程序执行成功
%+v &{4 0 0     0}
<nil>
<nil>
<nil>
runid 2
/home/judge/hustoj_core/run2/Main.cc
run judge<nil> 判题程序执行成功
%+v &{4 0 0     0}
<nil>
<nil>
<nil>
runid 3
/home/judge/hustoj_core/run3/Main.cc
run judge<nil> 判题程序执行成功
%+v &{4 0 0     0}
<nil>
<nil>
<nil>
runid 4
/home/judge/hustoj_core/run4/Main.cc
run judge<nil> 判题程序执行成功
%+v &{4 0 0     0}
<nil>
<nil>
<nil>
runid 1
/home/judge/hustoj_core/run1/Main.cc
run judge<nil> 判题程序执行成功
%+v &{0 0 0   hellohellohellohellohellohellohellohellohello  0}
runid 1
/home/judge/hustoj_core/run1/Main.cc
run judge<nil> 判题程序执行成功
%+v &{0 0 0   hellohellohellohellohellohellohellohellohello  0}
runid 2
/home/judge/hustoj_core/run2/Main.cc
run judge<nil> 判题程序执行成功
%+v &{4 0 0     0}
<nil>
<nil>
<nil>
runid 3
/home/judge/hustoj_core/run3/Main.cc
run judge<nil> 判题程序执行成功
%+v &{4 0 0     0}
<nil>
<nil>
<nil>
runid 4
/home/judge/hustoj_core/run4/Main.cc
run judge<nil> 判题程序执行成功
%+v &{4 0 0     0}
<nil>
<nil>
<nil>
runid 5
/home/judge/hustoj_core/run5/Main.cc
run judge<nil> 判题程序执行成功
%+v &{4 0 0     0}
<nil>
<nil>
<nil>
runid 6
/home/judge/hustoj_core/run6/Main.cc
run judge<nil> 判题程序执行成功
%+v &{4 0 0     0}
<nil>
<nil>
<nil>
runid 7
runid 0
runid 3
runid 4
runid 5
runid 6
runid 8
runid 9
runid 1
runid 2
/home/judge/hustoj_core/run0/Main.cc
run judge/home/judge/hustoj_core/run3/Main.cc
run judge/home/judge/hustoj_core/run7/Main.cc
run judge/home/judge/hustoj_core/run1/Main.cc
run judge/home/judge/hustoj_core/run4/Main.cc
run judge/home/judge/hustoj_core/run6/Main.cc
run judge/home/judge/hustoj_core/run5/Main.cc
run judge/home/judge/hustoj_core/run9/Main.cc
run judge/home/judge/hustoj_core/run2/Main.cc
run judge/home/judge/hustoj_core/run8/Main.cc
run judge<nil> 判题程序执行成功
%+v &{6 1 2084   hello 1.out 0}
<nil> 判题程序执行成功
%+v &{6 1 2084   hello 1.out 0}
<nil> 判题程序执行成功
%+v &{6 1 2084   hello 1.out 0}
<nil> 判题程序执行成功
%+v &{6 1 2084   hello 1.out 0}
<nil> 判题程序执行成功
%+v &{6 1 2084   hello 1.out 0}
<nil> 判题程序执行成功
%+v &{6 1 2084   hello 1.out 0}
<nil> 判题程序执行成功
%+v &{6 1 2084   hello 1.out 0}
<nil> 判题程序执行成功
%+v &{6 1 2084   hello 1.out 0}
<nil> 判题程序执行成功
%+v &{6 2 2084   hello 1.out 0}
<nil> 判题程序执行成功
%+v &{6 1 2084   hello 1.out 0}
<nil>
<nil>
<nil>
<nil>
<nil>
<nil>
<nil>
<nil>
<nil>
<nil>
<nil>
<nil>
<nil>
<nil>
<nil>
runid 4
<nil>
<nil>
<nil>
<nil>
runid 0
<nil>
<nil>
runid 9
runid 3
<nil>
runid 5
<nil>
/home/judge/hustoj_core/run4/Main.cc
runid 2
run judge<nil>
<nil>
<nil>
<nil>
runid 6
<nil>
<nil>
<nil>
/home/judge/hustoj_core/run0/Main.cc
run judgerunid 8
/home/judge/hustoj_core/run3/Main.cc
run judgerunid 1
/home/judge/hustoj_core/run9/Main.cc
run judgerunid 7
/home/judge/hustoj_core/run5/Main.cc
run judge/home/judge/hustoj_core/run2/Main.cc
run judge/home/judge/hustoj_core/run6/Main.cc
run judge/home/judge/hustoj_core/run8/Main.cc
run judge/home/judge/hustoj_core/run1/Main.cc
run judge/home/judge/hustoj_core/run7/Main.cc
run judge<nil> 判题程序执行成功
<nil> 判题程序执行成功
%+v &{6 1 2084   hello 1.out 0}
<nil> 判题程序执行成功
%+v &{6 1 2084   hello 1.out 0}
<nil> 判题程序执行成功
%+v &{6 1 2084   hello 1.out 0}
<nil> 判题程序执行成功
%+v &{6 1 2084   hello 1.out 0}
%+v &{6 0 2084   hello 1.out 0}
<nil> 判题程序执行成功
%+v &{6 2 2084   1 test.out 0}
<nil>
<nil>
<nil>
<nil>
<nil>
<nil>
<nil>
<nil>
<nil>
<nil>
<nil>
<nil> 判题程序执行成功
runid 0
<nil>
<nil>
<nil> 判题程序执行成功
%+v &{6 2 2084   1 test.out 0}
%+v &{6 2 2084   1 test.out 0}
<nil>
<nil>
<nil> 判题程序执行成功
<nil> 判题程序执行成功
<nil>
runid 7
%+v &{6 3 2084   1 test.out 0}
%+v &{6 2 2084   1 test.out 0}
<nil>
runid 1
<nil>
runid 9
runid 3
runid 8
/home/judge/hustoj_core/run0/Main.cc
run judge/home/judge/hustoj_core/run7/Main.cc
run judge/home/judge/hustoj_core/run1/Main.cc
run judge/home/judge/hustoj_core/run9/Main.cc
run judge/home/judge/hustoj_core/run3/Main.cc
run judge/home/judge/hustoj_core/run8/Main.cc
run judge<nil>
<nil>
<nil>
runid 6
<nil>
<nil>
<nil>
runid 4
<nil>
<nil>
<nil>
/home/judge/hustoj_core/run6/Main.cc
run judge<nil>
<nil>
<nil>
runid 2
runid 5
/home/judge/hustoj_core/run4/Main.cc
run judge/home/judge/hustoj_core/run2/Main.cc
run judge/home/judge/hustoj_core/run5/Main.cc
run judge<nil> 判题程序执行成功
%+v &{6 3 2084   1 test.out 0}
<nil> 判题程序执行成功
%+v &{6 2 2084   1 test.out 0}
<nil> 判题程序执行成功
%+v &{6 2 2084   1 test.out 0}
<nil> 判题程序执行成功
<nil>
%+v &{6 3 2084   1 test.out 0}
<nil>
<nil> 判题程序执行成功
%+v &{6 3 2084   1 test.out 0}
<nil>
<nil> 判题程序执行成功
%+v &{6 3 2084   1 test.out 0}
runid 0
<nil>
<nil>
<nil>
<nil>
<nil>
runid 7
<nil> 判题程序执行成功
%+v &{6 3 2084   1 test.out 0}
/home/judge/hustoj_core/run0/Main.cc
run judge<nil> 判题程序执行成功
%+v &{6 2 2084   1 test.out 0}
/home/judge/hustoj_core/run7/Main.cc
run judge<nil>
<nil>
<nil> 判题程序执行成功
%+v &{6 2 2084   1 test.out 0}
<nil>
<nil>
<nil>
<nil> 判题程序执行成功
%+v &{6 4 2084   1 test.out 0}
runid 8
<nil>
<nil>
<nil>
<nil>
runid 3
<nil>
runid 1
/home/judge/hustoj_core/run3/Main.c
run judge/home/judge/hustoj_core/run1/Main.c
run judge/home/judge/hustoj_core/run8/Main.js
run judge<nil>
<nil>
<nil>
<nil>
<nil>
<nil>
<nil>
<nil>
<nil>
runid 2
<nil>
runid 9
<nil>
<nil>
/home/judge/hustoj_core/run2/Main.c
run judgerunid 4
/home/judge/hustoj_core/run9/Main.js
run judge/home/judge/hustoj_core/run4/Main.c
run judge<nil> 判题程序执行成功
%+v &{11 0 0 Main.c:1:8: error: expected '=', ',', ';', 'asm' or '__attribute__' before '.' token
 console.log(123456789)
        ^
    0}
<nil> 判题程序执行成功
%+v &{11 0 0 Main.c:1:8: error: expected '=', ',', ';', 'asm' or '__attribute__' before '.' token
 console.log(123456789)
        ^
    0}
<nil> 判题程序执行成功
%+v &{11 0 0 Main.c:1:8: error: expected '=', ',', ';', 'asm' or '__attribute__' before '.' token
 console.log(123456789)
        ^
    0}
<nil> 判题程序执行成功
%+v &{11 0 0 Main.c:1:8: error: expected '=', ',', ';', 'asm' or '__attribute__' before '.' token
 console.log(123456789)
        ^
    0}
<nil>
<nil>
<nil>
<nil>
<nil>
<nil>
<nil>
<nil>
<nil>
<nil>
<nil>
<nil>
<nil> 判题程序执行成功
%+v &{6 1 2084   1111 1.out 0}
<nil> 判题程序执行成功
%+v &{6 2 2084   1 test.out 0}
<nil>
<nil>
<nil>
<nil>
<nil>
<nil>
<nil> 判题程序执行成功
<nil> 判题程序执行成功
%+v &{6 1 840   fflush end
 1.out 0}
%+v &{6 0 824   fflush end
 1.out 0}
<nil>
<nil>
<nil>
<nil>
<nil>
<nil>
runid 5
/home/judge/hustoj_core/run5/Main.cc
run judgerunid 2
/home/judge/hustoj_core/run2/Main.cc
run judgerunid 3
runid 6
runid 4
runid 9
runid 0
runid 7
runid 1
runid 8
/home/judge/hustoj_core/run3/Main.cc
run judge/home/judge/hustoj_core/run6/Main.cc
run judge/home/judge/hustoj_core/run4/Main.cc
run judge/home/judge/hustoj_core/run0/Main.cc
run judge/home/judge/hustoj_core/run7/Main.cc
run judge/home/judge/hustoj_core/run1/Main.cc
run judge/home/judge/hustoj_core/run9/Main.cc
run judge/home/judge/hustoj_core/run8/Main.cc
run judge<nil> 判题程序执行成功
%+v &{4 0 0     0}
<nil> 判题程序执行成功
%+v &{4 0 0     0}
<nil> 判题程序执行成功
%+v &{4 0 0     0}
<nil> 判题程序执行成功
%+v &{4 0 0     0}
<nil> 判题程序执行成功
%+v &{4 0 0     0}
<nil>
<nil>
<nil>
<nil>
<nil> 判题程序执行成功
%+v &{4 0 0     0}
<nil>
<nil>
runid 5
<nil> 判题程序执行成功
%+v &{4 0 0     0}
<nil> 判题程序执行成功
%+v &{4 0 0     0}
<nil> 判题程序执行成功
%+v &{4 0 0     0}
/home/judge/hustoj_core/run5/Main.cc
run judge<nil>
<nil>
<nil>
runid 6
<nil>
<nil>
<nil>
<nil> 判题程序执行成功
/home/judge/hustoj_core/run6/Main.cc
run judge<nil>
%+v &{4 0 0     0}
<nil>
<nil>
<nil>
<nil>
<nil>
<nil>
<nil>
<nil>
<nil>
<nil>
<nil>
<nil>
<nil>
<nil>
<nil>
<nil>
<nil>
<nil> 判题程序执行成功
%+v &{4 0 0     0}
<nil> 判题程序执行成功
%+v &{4 0 0     0}
<nil>
<nil>
<nil>
<nil>
<nil>
<nil>
